0 info it worked if it ends with ok
1 verbose cli [ 'C:\\Program Files (x86)\\nodejs\\node.exe',
1 verbose cli   'C:\\Program Files (x86)\\nodejs\\node_modules\\npm\\bin\\npm-cli.js',
1 verbose cli   'install',
1 verbose cli   'gulp',
1 verbose cli   '-g',
1 verbose cli   '-prefix=C:\\Program Files\\nodejs' ]
2 info using npm@2.14.7
3 info using node@v4.2.3
4 verbose stack Error: EPERM: operation not permitted, mkdir 'C:\Program Files\nodejs'
4 verbose stack     at Error (native)
5 verbose cwd C:\Users\mhenin\Desktop\hacker
6 error Windows_NT 6.1.7601
7 error argv "C:\\Program Files (x86)\\nodejs\\node.exe" "C:\\Program Files (x86)\\nodejs\\node_modules\\npm\\bin\\npm-cli.js" "install" "gulp" "-g" "-prefix=C:\\Program Files\\nodejs"
8 error node v4.2.3
9 error npm  v2.14.7
10 error path C:\Program Files\nodejs
11 error code EPERM
12 error errno -4048
13 error syscall mkdir
14 error Error: EPERM: operation not permitted, mkdir 'C:\Program Files\nodejs'
14 error     at Error (native)
14 error  { [Error: EPERM: operation not permitted, mkdir 'C:\Program Files\nodejs']
14 error   errno: -4048,
14 error   code: 'EPERM',
14 error   syscall: 'mkdir',
14 error   path: 'C:\\Program Files\\nodejs' }
15 error Please try running this command again as root/Administrator.
16 verbose exit [ -4048, true ]
